0000000000000000 0000000000000401 b __fixedpath
0000000000000000 T _start
0000000000000000 A __start__
0000000000000000 b _TLS_MODULE_BASE_
0000000000000080 t startup
00000000000000b0 t bss_loop
0000000000000104 T __nx_exit
0000000000000118 T _init
0000000000000180 0000000000000134 T main
00000000000002b8 t deregister_tm_clones
00000000000002e8 t register_tm_clones
0000000000000328 t __do_global_dtors_aux
0000000000000370 t frame_dummy
00000000000003b0 0000000000000188 T mandelbrot
0000000000000408 0000000000002000 b tmp_buffer.5954
0000000000000540 000000000000009c T initColors
00000000000005e0 000000000000042c t DrawText_
0000000000000a10 000000000000000c T DrawText
0000000000000a20 0000000000000004 T DrawTextTruncate
0000000000000a30 00000000000000e0 t _appletGetPerformanceMode.constprop.12
0000000000000b10 00000000000000e8 t _appletReceiveMessage
0000000000000c00 00000000000000e0 t _appletGetOperationMode.constprop.11
0000000000000ce0 0000000000000120 t _appletGetHandle
0000000000000e00 00000000000000e0 t _appletGetCurrentFocusState.constprop.13
0000000000000ee0 0000000000000288 T appletExit
0000000000001170 0000000000000028 T appletHook
00000000000011a0 0000000000000034 T appletUnhook
00000000000011e0 0000000000000028 T appletGetAppletResourceUserId
0000000000001210 000000000000011c T appletNotifyRunning
0000000000001330 0000000000000a9c T appletInitialize
0000000000001dd0 00000000000000cc T appletSetScreenShotPermission
0000000000001ea0 00000000000000e8 T appletCreateManagedDisplayLayer
0000000000001f90 000000000000000c T appletGetOperationMode
0000000000001fa0 000000000000015c T appletMainLoop
0000000000002100 0000000000000130 t _hidCreateAppletResource.constprop.4
0000000000002230 0000000000000128 t _hidGetSharedMemoryHandle.constprop.5
0000000000002360 000000000000006c T hidExit
00000000000023d0 00000000000001a4 T hidReset
0000000000002408 0000000000002000 b tmp_buffer.5978
0000000000002580 00000000000000b0 T hidInitialize
0000000000002630 000000000000000c T hidGetSharedmemAddr
0000000000002640 000000000000006c T hidKeysDown
00000000000026b0 000000000000000c T hidTouchCount
00000000000026c0 0000000000000480 T hidScanInput
0000000000002b40 0000000000000044 T smAddOverrideHandle
0000000000002b90 0000000000000064 T smGetServiceOverride
0000000000002c00 0000000000000014 T smHasInitialized
0000000000002c20 0000000000000028 T smExit
0000000000002c50 0000000000000034 T smEncodeName
0000000000002c90 0000000000000128 T smGetServiceOriginal
0000000000002dc0 0000000000000148 T smInitialize
0000000000002f10 0000000000000068 T smGetService
0000000000002f80 0000000000000128 t _apmGetSession.constprop.2
00000000000030b0 0000000000000064 T apmExit
0000000000003120 0000000000000074 T apmInitialize
00000000000031a0 00000000000000cc T apmSetPerformanceConfiguration
0000000000003270 00000000000000bc T fatalSimple
0000000000003330 00000000000000bc t _gfxDequeueBuffer.part.0
00000000000033f0 0000000000000038 t _gfxQueueBuffer.part.1
0000000000003430 00000000000000e8 T gfxConfigureCrop
0000000000003520 0000000000000014 T gfxConfigureResolution
0000000000003540 0000000000000068 t _gfxAutoResolutionAppletHook
00000000000035b0 000000000000011c T gfxConfigureAutoResolution
00000000000036d0 0000000000000194 T gfxExit
0000000000003870 0000000000000054 T _gfxGraphicBufferInit
00000000000038d0 0000000000000080 T gfxWaitForVsync
0000000000003950 00000000000005d0 T gfxInitDefault
0000000000003f20 0000000000000060 T gfxSwapBuffers
0000000000003f80 000000000000006c T gfxGetFramebuffer
0000000000003ff0 0000000000000030 T gfxGetFramebufferSize
0000000000004020 0000000000000118 T gfxFlushBuffers
0000000000004138 T armDCacheFlush
000000000000415c t armDCacheFlush_L0
0000000000004174 T svcSetHeapSize
0000000000004188 T svcUnmapMemory
0000000000004190 T svcQueryMemory
00000000000041a4 T svcExitProcess
00000000000041ac T svcSleepThread
00000000000041b4 T svcMapSharedMemory
00000000000041bc T svcUnmapSharedMemory
00000000000041c4 T svcCreateTransferMemory
00000000000041d8 T svcCloseHandle
00000000000041e0 T svcResetSignal
00000000000041e8 T svcWaitSynchronization
00000000000041fc T svcArbitrateLock
0000000000004204 T svcArbitrateUnlock
000000000000420c T svcConnectToNamedPort
0000000000004220 T svcGetSystemTick
0000000000004228 T svcSendSyncRequest
0000000000004230 T svcBreak
0000000000004238 T svcGetInfo
000000000000424c T svcUnmapTransferMemory
0000000000004260 00000000000000ac T __nx_dynamic
0000000000004310 00000000000000dc W __libnx_initheap
00000000000043f0 0000000000000064 W __appInit
0000000000004460 0000000000000020 W __appExit
0000000000004480 0000000000000028 W __libnx_init
00000000000044b0 0000000000000020 W __libnx_exit
00000000000044d0 00000000000001ac T envSetup
0000000000004680 0000000000000020 T envGetMainThreadHandle
00000000000046a0 000000000000000c T envIsNso
00000000000046b0 0000000000000014 T envHasHeapOverride
00000000000046d0 000000000000000c T envGetHeapOverrideAddr
00000000000046e0 000000000000000c T envGetHeapOverrideSize
00000000000046f0 0000000000000014 T envHasArgv
0000000000004710 000000000000000c T envGetArgv
0000000000004720 000000000000000c T envGetExitFuncPtr
0000000000004730 0000000000000008 t mutexInit
0000000000004740 000000000000000c t rmutexInit
0000000000004750 0000000000000034 t __libnx_get_reent
0000000000004790 00000000000000e4 T newlibSetup
0000000000004880 0000000000000370 T argvSetup
0000000000004bf0 0000000000000098 t _CacheValues.part.0
0000000000004c90 0000000000000034 T kernelAbove200
0000000000004cd0 0000000000000034 T kernelAbove300
0000000000004d10 0000000000000030 T detectDebugger
0000000000004d40 0000000000000014 T shmemLoadRemote
0000000000004d60 000000000000009c T shmemMap
0000000000004e00 0000000000000048 T shmemUnmap
0000000000004e50 0000000000000040 T shmemClose
0000000000004e90 000000000000003c T rwlockReadLock
0000000000004ed0 0000000000000050 T rwlockReadUnlock
0000000000004f20 0000000000000008 T rwlockWriteLock
0000000000004f30 0000000000000008 T rwlockWriteUnlock
0000000000004f40 0000000000000094 T mutexLock
0000000000004fe0 0000000000000024 T mutexUnlock
0000000000005010 000000000000004c T rmutexLock
0000000000005060 0000000000000020 T rmutexUnlock
0000000000005080 0000000000000068 t _GetRegionFromInfo
00000000000050f0 00000000000000d4 T virtmemSetup
00000000000051d0 000000000000013c T virtmemReserve
0000000000005310 0000000000000004 T virtmemFree
0000000000005320 0000000000000010 t fsdev_link
0000000000005330 0000000000000010 t fsdev_dirreset
0000000000005340 0000000000000010 t fsdev_chmod
0000000000005350 0000000000000020 t error_cmp
0000000000005370 0000000000000060 t fsdev_translate_error
00000000000053d0 0000000000000040 t fsdev_fsync
0000000000005410 0000000000000064 t fsdev_ftruncate
0000000000005480 0000000000000020 t fsdev_dirclose
00000000000054a0 0000000000000184 t fsdev_dirnext
0000000000005630 000000000000001c t fsdev_close
0000000000005650 0000000000000080 t fsdev_fstat
00000000000056d0 00000000000000b8 t fsdev_seek
0000000000005790 0000000000000108 t fsdevFindDevice
00000000000058a0 0000000000000128 t _fsdevMountDevice
00000000000059d0 00000000000000b0 t _fsdevUnmountDeviceStruct.part.1
0000000000005a80 0000000000000208 t fsdev_getfspath
0000000000005c90 0000000000000070 t fsdev_rmdir
0000000000005d00 00000000000000d8 t fsdev_statvfs
0000000000005de0 00000000000000b8 t fsdev_diropen
0000000000005ea0 00000000000000c4 t fsdev_chdir
0000000000005f70 0000000000000070 t fsdev_mkdir
0000000000005fe0 000000000000013c t fsdev_rename
0000000000006120 0000000000000070 t fsdev_unlink
0000000000006190 0000000000000174 t fsdev_stat
0000000000006310 00000000000001ac t fsdev_open
00000000000064c0 00000000000001b4 t fsdev_read
0000000000006680 00000000000001d0 t fsdev_write
0000000000006850 0000000000000010 t fsdev_fchmod
0000000000006860 00000000000001f0 T fsdevInit
0000000000006a50 0000000000000070 T fsdevExit
0000000000006ac0 00000000000000d4 t _nvSetClientPID
0000000000006ba0 00000000000000ec t _nvInitialize.constprop.4
0000000000006c90 0000000000000084 T nvExit
0000000000006d20 000000000000022c T nvInitialize
0000000000006f50 0000000000000120 T nvConvertError
0000000000007070 0000000000000124 T nvOpen
00000000000071a0 00000000000001b8 T nvIoctl
0000000000007360 00000000000000d8 T nvClose
0000000000007440 0000000000000140 T nvQueryEvent
0000000000007580 0000000000000138 t _viGetSession.constprop.5
00000000000076c0 0000000000000130 t _viCreatestray_layer.isra.4
00000000000077f0 0000000000000138 t _viOpenLayer
0000000000007930 00000000000000f4 T viExit
0000000000007a30 000000000000029c T viInitialize
0000000000007cd0 000000000000000c T viGetSession_IHOSBinderDriverRelay
0000000000007ce0 0000000000000140 T viOpenDisplay
0000000000007e20 00000000000000f4 T viCloseDisplay
0000000000007f20 00000000000000e0 T viOpenLayer
0000000000008000 0000000000000104 T viCloseLayer
0000000000008110 00000000000000e4 T viSetLayerScalingMode
0000000000008200 0000000000000130 T viGetDisplayVsyncEvent
0000000000008330 0000000000000108 T fsInitialize
0000000000008440 000000000000003c T fsExit
0000000000008480 0000000000000128 T fsMountSdcard
00000000000085b0 00000000000000f8 T fsFsCreateFile
00000000000086b0 00000000000000f0 T fsFsDeleteFile
00000000000087a0 00000000000000f0 T fsFsCreateDirectory
0000000000008890 00000000000000f0 T fsFsDeleteDirectory
0000000000008980 0000000000000110 T fsFsRenameFile
0000000000008a90 0000000000000110 T fsFsRenameDirectory
0000000000008ba0 0000000000000108 T fsFsGetEntryType
0000000000008cb0 0000000000000158 T fsFsOpenFile
0000000000008e10 0000000000000148 T fsFsOpenDirectory
0000000000008f60 0000000000000108 T fsFsGetFreeSpace
0000000000009070 0000000000000108 T fsFsGetTotalSpace
0000000000009180 0000000000000008 T fsFsClose
0000000000009190 0000000000000104 T fsFileRead
00000000000092a0 00000000000000f4 T fsFileWrite
00000000000093a0 00000000000000c4 T fsFileFlush
0000000000009470 00000000000000c4 T fsFileSetSize
0000000000009540 00000000000000ec T fsFileGetSize
0000000000009630 0000000000000008 T fsFileClose
0000000000009640 0000000000000008 T fsDirClose
0000000000009650 0000000000000110 T fsDirRead
0000000000009760 0000000000000010 T bufferProducerInitialize
0000000000009770 000000000000000c T bufferProducerExit
0000000000009780 0000000000000134 T bufferProducerRequestBuffer
00000000000098c0 00000000000001a0 T bufferProducerDequeueBuffer
0000000000009a60 000000000000009c T bufferProducerDetachBuffer
0000000000009b00 0000000000000120 T bufferProducerQueueBuffer
0000000000009c20 00000000000000dc T bufferProducerQuery
0000000000009d00 000000000000012c T bufferProducerConnect
0000000000009e30 000000000000009c T bufferProducerDisconnect
0000000000009ed0 0000000000000110 T bufferProducerGraphicBufferInit
0000000000009fe0 00000000000001ac t _binderTransactParcelAuto
000000000000a190 000000000000013c t _binderTransactParcel
000000000000a2d0 0000000000000018 T binderCreateSession
000000000000a2f0 0000000000000014 T binderTransactParcel
000000000000a310 00000000000000e4 T binderAdjustRefcount
000000000000a400 0000000000000070 T binderExitSession
000000000000a470 0000000000000138 T binderGetNativeHandle
000000000000a5b0 00000000000001fc T binderInitSession
000000000000a7b0 0000000000000028 T parcelInitialize
000000000000a7e0 00000000000001d0 T parcelTransact
000000000000a9b0 0000000000000088 T parcelWriteData
000000000000aa40 000000000000008c T parcelReadData
000000000000aad0 0000000000000024 T parcelWriteInt32
000000000000ab00 0000000000000024 T parcelWriteUInt32
000000000000ab30 0000000000000074 T parcelWriteString16
000000000000abb0 0000000000000030 T parcelWriteInterfaceToken
000000000000abe0 0000000000000024 T parcelReadInt32
000000000000ac10 000000000000006c T parcelReadFlattenedObject
000000000000ac80 000000000000004c T parcelWriteFlattenedObject
000000000000acd0 000000000000003c t nvmapobjClose
000000000000ad10 0000000000000070 t nvmapobjInitialize.part.0
000000000000ad80 0000000000000074 t nvmapobjSetup.constprop.2
000000000000ae00 0000000000000bd4 T nvgfxInitialize
000000000000b9e0 000000000000012c T nvgfxExit
000000000000bb10 0000000000000068 T nvgfxEventWait
000000000000bb80 0000000000000040 T nvgfxGetFramebuffer
000000000000bbc0 0000000000000040 T nvioctlNvhostCtrl_EventWait
000000000000bc00 000000000000003c T nvioctlNvhostCtrlGpu_ZCullGetCtxSize
000000000000bc40 0000000000000054 T nvioctlNvhostCtrlGpu_ZCullGetInfo
000000000000bca0 0000000000000088 T nvioctlNvhostCtrlGpu_GetCharacteristics
000000000000bd30 000000000000005c T nvioctlNvhostCtrlGpu_GetTpcMasks
000000000000bd90 000000000000003c T nvioctlNvhostCtrlGpu_GetL2State
000000000000bdd0 0000000000000024 T nvioctlNvhostAsGpu_BindChannel
000000000000be00 0000000000000044 T nvioctlNvhostAsGpu_AllocSpace
000000000000be50 0000000000000050 T nvioctlNvhostAsGpu_MapBufferEx
000000000000bea0 0000000000000064 T nvioctlNvhostAsGpu_GetVARegions
000000000000bf10 000000000000003c T nvioctlNvhostAsGpu_InitializeEx
000000000000bf50 0000000000000024 T nvioctlChannel_SetNvmapFd
000000000000bf80 0000000000000030 T nvioctlChannel_AllocObjCtx
000000000000bfb0 0000000000000028 T nvioctlChannel_ZCullBind
000000000000bfe0 0000000000000028 T nvioctlChannel_SetErrorNotifier
000000000000c010 0000000000000024 T nvioctlChannel_SetPriority
000000000000c040 0000000000000054 T nvioctlChannel_AllocGpfifoEx2
000000000000c0a0 0000000000000024 T nvioctlChannel_SetUserData
000000000000c0d0 000000000000003c T nvioctlNvmap_Create
000000000000c110 000000000000003c T nvioctlNvmap_FromId
000000000000c150 0000000000000030 T nvioctlNvmap_Alloc
000000000000c180 000000000000003c T nvioctlNvmap_GetId
000000000000c1c0 0000000000000130 T decode_utf8
000000000000c2f0 T __aarch64_read_tp
000000000000c300 0000000000000074 T tmemCreate
000000000000c380 0000000000000048 T tmemUnmap
000000000000c3d0 0000000000000064 T tmemClose
000000000000c438 00000000000000c8 T bsearch
000000000000c500 0000000000000044 T __libc_fini_array
000000000000c548 000000000000008c T __libc_init_array
000000000000c5d8 000000000000002c T __locale_ctype_ptr
000000000000c608 000000000000002c T memalign
000000000000c638 00000000000001ac T _memalign_r
000000000000c7e8 0000000000000024 T free
000000000000c810 00000000000008b4 T _malloc_r
000000000000d0c8 00000000000002d8 T __utf8_mbtowc
000000000000d3c0 000000000000016c T memcpy
000000000000d540 00000000000001d8 T memset
000000000000d718 000000000000000c T __malloc_lock
000000000000d728 000000000000000c T __malloc_unlock
000000000000d734 00000000000000dc T strchr
000000000000d840 00000000000000a4 T strcmp
000000000000d900 0000000000000140 T strlen
000000000000da40 0000000000000088 T strncat
000000000000db1c 0000000000000108 T strncmp
000000000000dc28 00000000000000b4 T strncpy
000000000000dd24 00000000000000e0 T strnlen
000000000000dde0 00000000000000e8 T __utf8_wctomb
000000000000dec8 000000000000011c T _malloc_trim_r
000000000000dfe8 0000000000000314 T _free_r
000000000000e300 0000000000000008 t null_write
000000000000e308 0000000000000018 T setDefaultDevice
000000000000e320 0000000000000114 T FindDevice
000000000000e438 0000000000000034 T RemoveDevice
000000000000e470 00000000000000d8 T AddDevice
000000000000e548 000000000000007c T _sbrk_r
000000000000e5c8 000000000000024c T _concatenate_path
000000000000e818 0000000000000198 T chdir
000000000000e9b0 000000000000001c T __libc_lock_acquire_recursive
000000000000e9d0 000000000000001c T __libc_lock_release_recursive
000000000000e9f0 0000000000000028 T __getreent
000000000000ea18 0000000000000100 T strrchr
000000000000eb18 T _fini
000000000000f000 R tahoma24_nxfnt
0000000000053712 R tahoma24_nxfnt_end
0000000000053712 R tahoma24_nxfnt_size
00000000000537b8 0000000000000018 r error_table
00000000000538e0 0000000000000101 R _ctype_
00000000000539f0 0000000000000003 R DIRECTORY_PARENT
00000000000539f8 r __EH_FRAME_BEGIN__
0000000000053bb4 r __FRAME_END__
0000000000053bb8 a _DYNAMIC
0000000000056000 t __frame_dummy_init_array_entry
0000000000056000 T __init_array_start
0000000000056000 B __preinit_array_end
0000000000056000 B __preinit_array_start
0000000000056000 D __tdata_lma
0000000000056000 D __tdata_lma_end
0000000000056008 t __do_global_dtors_aux_fini_array_entry
0000000000056008 T __fini_array_start
0000000000056008 T __init_array_end
0000000000056010 T __fini_array_end
0000000000056010 a _GLOBAL_OFFSET_TABLE_
0000000000056010 T __got_start__
00000000000561f0 D __got_end__
00000000000561f0 0000000000000004 D redraw
00000000000561f4 0000000000000001 V __nx_applet_auto_notifyrunning
00000000000561f8 0000000000000004 V __nx_applet_type
00000000000561fc 0000000000000004 d g_gfxMode
0000000000056200 0000000000000054 d g_gfxQueueBufferData
0000000000056258 000000000000016c d g_gfx_BufferInitData
00000000000563c8 0000000000000401 d __cwd
00000000000567cc 0000000000000004 d fsdev_fsdevice_cwd
00000000000567d0 0000000000000004 d fsdev_fsdevice_default
00000000000567d8 00000000000000d0 d fsdev_devoptab
00000000000568a8 0000000000000004 d g_nvServiceType
00000000000568ac 0000000000000004 d g_viServiceType
00000000000568b0 0000000000000023 d g_bufferProducer_InterfaceDescriptor
00000000000568d8 0000000000000008 D _impure_ptr
00000000000568e0 0000000000000768 d impure_data
0000000000057048 00000000000001a8 D __global_locale
00000000000571f0 0000000000000008 D __malloc_sbrk_base
00000000000571f8 0000000000000008 D __malloc_trim_threshold
0000000000057200 0000000000000810 D __malloc_av_
0000000000057a10 0000000000000004 d defaultDevice
0000000000057a18 0000000000000080 D devoptab_list
0000000000057a98 00000000000000d0 D dotab_stdnull
0000000000057b68 0000000000000400 d _current_working_directory
0000000000057f68 D __bss_start__
0000000000057f68 b completed.5082
0000000000057f68 D __TMC_END__
0000000000057f70 b object.5087
0000000000057fa0 0000000000000004 B offset
0000000000057fa8 0000000000000008 V __nx_applet_PerformanceConfiguration
0000000000057fb0 0000000000000018 b g_appletFirstHook
0000000000057fc8 0000000000000001 b g_appletFocusState
0000000000057fd0 0000000000000008 b g_appletIAudioController
0000000000057fd8 0000000000000008 b g_appletICommonStateGetter
0000000000057fe0 0000000000000008 b g_appletIDebugFunctions
0000000000057fe8 0000000000000008 b g_appletIDisplayController
0000000000057ff0 0000000000000008 b g_appletIFunctions
0000000000057ff8 0000000000000008 b g_appletILibraryAppletCreator
0000000000058000 0000000000000008 b g_appletILibraryAppletSelfAccessor
0000000000058008 0000000000000008 b g_appletIProcessWindingController
0000000000058010 0000000000000008 b g_appletISelfController
0000000000058018 0000000000000008 b g_appletIWindowController
0000000000058020 0000000000000004 b g_appletMessageEventHandle
0000000000058024 0000000000000001 b g_appletNotifiedRunning
0000000000058025 0000000000000001 b g_appletOperationMode
0000000000058028 0000000000000004 b g_appletPerformanceMode
0000000000058030 0000000000000008 b g_appletProxySession
0000000000058038 0000000000000008 b g_appletResourceUserId
0000000000058040 0000000000000008 b g_appletSrv
0000000000058048 0000000000000050 b g_controllerDown
0000000000058098 00000000000001e0 b g_controllerEntries
0000000000058278 0000000000000050 b g_controllerHeld
00000000000582c8 0000000000000028 b g_controllerLayout
00000000000582f0 0000000000000050 b g_controllerOld
0000000000058340 0000000000000004 b g_controllerP1AutoID
0000000000058348 0000000000000050 b g_controllerTimestamps
0000000000058398 0000000000000050 b g_controllerUp
00000000000583e8 0000000000000008 b g_hidIAppletResource
00000000000583f0 0000000000000020 b g_hidLock
0000000000058410 0000000000000020 b g_hidSharedmem
0000000000058430 0000000000000008 b g_hidSrv
0000000000058438 0000000000000020 b g_keyboardDown
0000000000058458 0000000000000038 b g_keyboardEntry
0000000000058490 0000000000000020 b g_keyboardHeld
00000000000584b0 0000000000000008 b g_keyboardModDown
00000000000584b8 0000000000000008 b g_keyboardModHeld
00000000000584c0 0000000000000008 b g_keyboardModOld
00000000000584c8 0000000000000008 b g_keyboardModUp
00000000000584d0 0000000000000020 b g_keyboardOld
00000000000584f0 0000000000000008 b g_keyboardTimestamp
00000000000584f8 0000000000000020 b g_keyboardUp
0000000000058518 0000000000000008 b g_mouseDown
0000000000058520 0000000000000030 b g_mouseEntry
0000000000058550 0000000000000008 b g_mouseHeld
0000000000058558 0000000000000008 b g_mouseOld
0000000000058560 0000000000000008 b g_mouseTimestamp
0000000000058568 0000000000000008 b g_mouseUp
0000000000058570 0000000000000298 b g_touchEntry
0000000000058808 0000000000000008 b g_touchTimestamp
0000000000058810 0000000000000004 b g_smHandle
0000000000058818 0000000000000200 b g_smOverrides
0000000000058a18 0000000000000008 b g_smOverridesNum
0000000000058a20 0000000000000008 b g_apmISession
0000000000058a28 0000000000000008 b g_apmSrv
0000000000058a30 0000000000000020 b g_gfxBinderSession
0000000000058a50 0000000000000004 b g_gfxCurrentBuffer
0000000000058a54 0000000000000004 b g_gfxCurrentProducerBuffer
0000000000058a58 0000000000000050 b g_gfxDisplay
0000000000058aa8 0000000000000004 b g_gfxDisplayVsyncEvent
0000000000058ab0 0000000000000008 b g_gfxFramebuf
0000000000058ab8 0000000000000008 b g_gfxFramebufLinear
0000000000058ac0 0000000000000008 b g_gfxFramebufSize
0000000000058ac8 0000000000000001 b g_gfxInitialized
0000000000058ad0 0000000000000010 b g_gfxLayer
0000000000058ae0 0000000000000100 b g_gfxNativeWindow
0000000000058be0 0000000000000004 b g_gfxNativeWindow_ID
0000000000058be8 0000000000000008 b g_gfxNativeWindow_Size
0000000000058bf0 0000000000000010 b g_gfx_Connect_QueueBufferOutput
0000000000058c00 0000000000000024 b g_gfx_DequeueBuffer_fence
0000000000058c24 0000000000000001 b g_gfx_ProducerConnected
0000000000058c28 0000000000000002 b g_gfx_ProducerSlotsRequested
0000000000058c30 0000000000000010 b g_gfx_QueueBuffer_QueueBufferOutput
0000000000058c40 0000000000000018 b g_gfx_autoresolution_applethookcookie
0000000000058c58 0000000000000004 b g_gfx_autoresolution_docked_height
0000000000058c5c 0000000000000004 b g_gfx_autoresolution_docked_width
0000000000058c60 0000000000000001 b g_gfx_autoresolution_enabled
0000000000058c64 0000000000000004 b g_gfx_autoresolution_handheld_height
0000000000058c68 0000000000000004 b g_gfx_autoresolution_handheld_width
0000000000058c70 0000000000000008 B g_gfx_framebuf_aligned_height
0000000000058c78 0000000000000008 B g_gfx_framebuf_aligned_width
0000000000058c80 0000000000000008 B g_gfx_framebuf_display_height
0000000000058c88 0000000000000008 B g_gfx_framebuf_display_width
0000000000058c90 0000000000000008 B g_gfx_framebuf_height
0000000000058c98 0000000000000008 B g_gfx_framebuf_width
0000000000058ca0 0000000000000008 B g_gfx_singleframebuf_linear_size
0000000000058ca8 0000000000000008 B g_gfx_singleframebuf_size
0000000000058cb0 0000000000000008 V __nx_heap_size
0000000000058cb8 0000000000000001 b g_isNso
0000000000058cc0 0000000000000008 b g_loaderRetAddr
0000000000058cc8 0000000000000004 b g_mainThreadHandle
0000000000058cd0 0000000000000008 b g_nextLoadArgv
0000000000058cd8 0000000000000008 b g_nextLoadPath
0000000000058ce0 0000000000000008 b g_overrideArgv
0000000000058ce8 0000000000000008 b g_overrideHeapAddr
0000000000058cf0 0000000000000008 b g_overrideHeapSize
0000000000058cf8 0000000000000004 b g_processHandle
0000000000058d00 0000000000000010 b g_syscallHints
0000000000058d10 0000000000000008 b g_argv_empty
0000000000058d18 0000000000000001 b g_HasCached
0000000000058d19 0000000000000001 b g_IsAbove200
0000000000058d1a 0000000000000001 b g_IsAbove300
0000000000058d1b 0000000000000001 b g_IsAbove400
0000000000058d20 0000000000000010 b g_AddressSpace
0000000000058d30 0000000000000008 b g_CurrentAddr
0000000000058d38 0000000000000030 b g_Region
0000000000058d68 0000000000000004 b g_VirtMemMutex
0000000000058d6c 0000000000000001 b fsdevInitialised
0000000000058d70 0000000000002000 b fsdev_fsdevices
000000000005ad70 0000000000000008 b g_nvIpcBufferSize
000000000005ad78 0000000000000008 b g_nvSrv
000000000005ad80 0000000000000028 b g_nvTransfermem
000000000005ada8 0000000000000008 b g_viIApplicationDisplayService
000000000005adb0 0000000000000008 b g_viIHOSBinderDriverIndirect
000000000005adb8 0000000000000008 b g_viIHOSBinderDriverRelay
000000000005adc0 0000000000000008 b g_viIManagerDisplayService
000000000005adc8 0000000000000008 b g_viISystemDisplayService
000000000005add0 0000000000000008 b g_viSrv
000000000005add8 0000000000000008 b g_fsSrv
000000000005ade0 0000000000000008 b g_bufferProducerBinderSession
000000000005ade8 0000000000000001 b g_nvgfxInitialized
000000000005adec 0000000000000004 b g_nvgfx_fd_nvhostasgpu
000000000005adf0 0000000000000004 b g_nvgfx_fd_nvhostctrl
000000000005adf4 0000000000000004 b g_nvgfx_fd_nvhostctrlgpu
000000000005adf8 0000000000000004 b g_nvgfx_fd_nvhostgpu
000000000005adfc 0000000000000004 b g_nvgfx_fd_nvmap
000000000005ae00 0000000000000008 b g_nvgfx_gpfifo_pos
000000000005ae08 00000000000000a0 b g_nvgfx_gpu_characteristics
000000000005aea8 0000000000000008 b g_nvgfx_l2state
000000000005aeb0 0000000000000008 b g_nvgfx_nvhost_fence
000000000005aeb8 0000000000000008 b g_nvgfx_nvhost_userdata
000000000005aec0 0000000000000008 b g_nvgfx_nvhost_userdata_size
000000000005aec8 0000000000000008 b g_nvgfx_nvhostasgpu_allocspace_offset
000000000005aed0 0000000000000030 b g_nvgfx_nvhostasgpu_varegions
000000000005af00 0000000000000004 b g_nvgfx_nvhostctrl_eventhandle
000000000005af04 0000000000000004 b g_nvgfx_nvhostctrl_eventres
000000000005af08 0000000000000004 b g_nvgfx_nvhostctrlgpu_event2
000000000005af0c 0000000000000004 b g_nvgfx_nvhostgpu_event3
000000000005af10 0000000000000004 B g_nvgfx_totalframebufs
000000000005af18 0000000000000018 b g_nvgfx_tpcmasks
000000000005af30 0000000000000004 b g_nvgfx_zcullctxsize
000000000005af38 0000000000000028 b g_nvgfx_zcullinfo
000000000005af60 0000000000000008 b nvmap_obj3_mapbuffer_x0_offset
000000000005af68 0000000000000008 b nvmap_obj4_mapbuffer_x0_offset
000000000005af70 0000000000000008 b nvmap_obj6_mapbuffer_xdb_offset
000000000005af78 00000000000001b0 b nvmap_objs
000000000005b128 0000000000000028 B __malloc_current_mallinfo
000000000005b150 0000000000000008 B __malloc_max_sbrked_mem
000000000005b158 0000000000000008 B __malloc_max_total_mem
000000000005b160 0000000000000008 B __malloc_top_pad
000000000005b168 000000000000000c b __malloc_recursive_mutex
000000000005b178 0000000000000008 b heap_start.4865
000000000005b180 0000000000000008 B fake_heap_end
000000000005b188 0000000000000008 B fake_heap_start
000000000005b190 0000000000000400 b temp_cwd
000000000005b590 0000000000000070 B __syscalls
000000000005b600 0000000000000040 B colors
000000000005b640 0000000000000004 B g_framebuf_width
000000000005b648 0000000000000008 B g_framebuf
000000000005b650 0000000000000008 B __stack_top
000000000005b658 0000000000000008 B __system_argv
000000000005b660 0000000000000004 B __system_argc
000000000005b668 0000000000000008 B g_nvgfx_nvhostgpu_gpfifo_fence
000000000005b670 B __tls_start
000000000005fa78 B __bss_end__
000000000005fa78 A __end__
000000000005fa78 B __tls_end
0000000000060000 A __argdata__
